<?xml version="1.0" encoding="UTF-8"?>
<testsuite xmlns:xsi="http://www.w3.org/2001/XMLSchema-instance" xsi:noNamespaceSchemaLocation="https://maven.apache.org/surefire/maven-surefire-plugin/xsd/surefire-test-report-3.0.xsd" version="3.0" name="eu.jpereira.trainings.designpatterns.structural.adapter.SimpleDoorControllerTest" time="0.015" tests="5" errors="5" skipped="0" failures="0">
  <properties>
    <property name="java.specification.version" value="23"/>
    <property name="sun.jnu.encoding" value="UTF-8"/>
    <property name="java.class.path" value="/home/kogut/uni24Zvostok/technologieProgramowania/lista3/javatrainings/designpatterns/trunk/adapter/target/test-classes:/home/kogut/uni24Zvostok/technologieProgramowania/lista3/javatrainings/designpatterns/trunk/adapter/target/classes:/home/kogut/.m2/repository/junit/junit/4.9/junit-4.9.jar:/home/kogut/.m2/repository/org/hamcrest/hamcrest-core/1.1/hamcrest-core-1.1.jar:/home/kogut/.m2/repository/org/mockito/mockito-core/1.9.0-rc1/mockito-core-1.9.0-rc1.jar:/home/kogut/.m2/repository/org/objenesis/objenesis/1.0/objenesis-1.0.jar:"/>
    <property name="java.vm.vendor" value="Arch Linux"/>
    <property name="sun.arch.data.model" value="64"/>
    <property name="java.vendor.url" value="https://openjdk.org/"/>
    <property name="os.name" value="Linux"/>
    <property name="java.vm.specification.version" value="23"/>
    <property name="sun.java.launcher" value="SUN_STANDARD"/>
    <property name="user.country" value="US"/>
    <property name="sun.boot.library.path" value="/usr/lib/jvm/java-23-openjdk/lib"/>
    <property name="sun.java.command" value="/home/kogut/uni24Zvostok/technologieProgramowania/lista3/javatrainings/designpatterns/trunk/adapter/target/surefire/surefirebooter-20241119190854561_3.jar /home/kogut/uni24Zvostok/technologieProgramowania/lista3/javatrainings/designpatterns/trunk/adapter/target/surefire 2024-11-19T19-08-54_524-jvmRun1 surefire-20241119190854561_1tmp surefire_0-20241119190854561_2tmp"/>
    <property name="jdk.debug" value="release"/>
    <property name="surefire.test.class.path" value="/home/kogut/uni24Zvostok/technologieProgramowania/lista3/javatrainings/designpatterns/trunk/adapter/target/test-classes:/home/kogut/uni24Zvostok/technologieProgramowania/lista3/javatrainings/designpatterns/trunk/adapter/target/classes:/home/kogut/.m2/repository/junit/junit/4.9/junit-4.9.jar:/home/kogut/.m2/repository/org/hamcrest/hamcrest-core/1.1/hamcrest-core-1.1.jar:/home/kogut/.m2/repository/org/mockito/mockito-core/1.9.0-rc1/mockito-core-1.9.0-rc1.jar:/home/kogut/.m2/repository/org/objenesis/objenesis/1.0/objenesis-1.0.jar:"/>
    <property name="sun.cpu.endian" value="little"/>
    <property name="user.home" value="/home/kogut"/>
    <property name="user.language" value="en"/>
    <property name="java.specification.vendor" value="Oracle Corporation"/>
    <property name="java.version.date" value="2024-09-17"/>
    <property name="java.home" value="/usr/lib/jvm/java-23-openjdk"/>
    <property name="file.separator" value="/"/>
    <property name="basedir" value="/home/kogut/uni24Zvostok/technologieProgramowania/lista3/javatrainings/designpatterns/trunk/adapter"/>
    <property name="java.vm.compressedOopsMode" value="Zero based"/>
    <property name="line.separator" value="&#10;"/>
    <property name="java.specification.name" value="Java Platform API Specification"/>
    <property name="java.vm.specification.vendor" value="Oracle Corporation"/>
    <property name="surefire.real.class.path" value="/home/kogut/uni24Zvostok/technologieProgramowania/lista3/javatrainings/designpatterns/trunk/adapter/target/surefire/surefirebooter-20241119190854561_3.jar"/>
    <property name="sun.management.compiler" value="HotSpot 64-Bit Tiered Compilers"/>
    <property name="java.runtime.version" value="23"/>
    <property name="user.name" value="kogut"/>
    <property name="stdout.encoding" value="UTF-8"/>
    <property name="path.separator" value=":"/>
    <property name="os.version" value="6.11.6-arch1-1"/>
    <property name="java.runtime.name" value="OpenJDK Runtime Environment"/>
    <property name="file.encoding" value="UTF-8"/>
    <property name="java.vm.name" value="OpenJDK 64-Bit Server VM"/>
    <property name="localRepository" value="/home/kogut/.m2/repository"/>
    <property name="java.vendor.url.bug" value="https://bugreport.java.com/bugreport/"/>
    <property name="java.io.tmpdir" value="/tmp"/>
    <property name="java.version" value="23"/>
    <property name="user.dir" value="/home/kogut/uni24Zvostok/technologieProgramowania/lista3/javatrainings/designpatterns/trunk/adapter"/>
    <property name="os.arch" value="amd64"/>
    <property name="java.vm.specification.name" value="Java Virtual Machine Specification"/>
    <property name="native.encoding" value="UTF-8"/>
    <property name="java.library.path" value="/usr/java/packages/lib:/usr/lib64:/lib64:/lib:/usr/lib"/>
    <property name="java.vm.info" value="mixed mode, sharing"/>
    <property name="stderr.encoding" value="UTF-8"/>
    <property name="java.vendor" value="Arch Linux"/>
    <property name="java.vm.version" value="23"/>
    <property name="sun.io.unicode.encoding" value="UnicodeLittle"/>
    <property name="java.class.version" value="67.0"/>
  </properties>
  <testcase name="testShouldThrowExceptionForInexistentDoor" classname="eu.jpereira.trainings.designpatterns.structural.adapter.SimpleDoorControllerTest" time="0.013">
    <error message="Unexpected exception, expected&lt;eu.jpereira.trainings.designpatterns.structural.adapter.DoorNotManagedException&gt; but was&lt;java.lang.ExceptionInInitializerError&gt;" type="java.lang.Exception"><![CDATA[java.lang.Exception: Unexpected exception, expected<eu.jpereira.trainings.designpatterns.structural.adapter.DoorNotManagedException> but was<java.lang.ExceptionInInitializerError>
	at org.junit.internal.runners.statements.ExpectException.evaluate(ExpectException.java:31)
	at org.junit.runners.ParentRunner.runLeaf(ParentRunner.java:263)
	at org.junit.runners.BlockJUnit4ClassRunner.runChild(BlockJUnit4ClassRunner.java:69)
	at org.junit.runners.BlockJUnit4ClassRunner.runChild(BlockJUnit4ClassRunner.java:48)
	at org.junit.runners.ParentRunner$3.run(ParentRunner.java:231)
	at org.junit.runners.ParentRunner$1.schedule(ParentRunner.java:60)
	at org.junit.runners.ParentRunner.runChildren(ParentRunner.java:229)
	at org.junit.runners.ParentRunner.access$000(ParentRunner.java:50)
	at org.junit.runners.ParentRunner$2.evaluate(ParentRunner.java:222)
	at org.junit.runners.ParentRunner.run(ParentRunner.java:292)
	at org.apache.maven.surefire.junit4.JUnit4Provider.execute(JUnit4Provider.java:316)
	at org.apache.maven.surefire.junit4.JUnit4Provider.executeWithRerun(JUnit4Provider.java:240)
	at org.apache.maven.surefire.junit4.JUnit4Provider.executeTestSet(JUnit4Provider.java:214)
	at org.apache.maven.surefire.junit4.JUnit4Provider.invoke(JUnit4Provider.java:155)
	at org.apache.maven.surefire.booter.ForkedBooter.runSuitesInProcess(ForkedBooter.java:385)
	at org.apache.maven.surefire.booter.ForkedBooter.execute(ForkedBooter.java:162)
	at org.apache.maven.surefire.booter.ForkedBooter.run(ForkedBooter.java:507)
	at org.apache.maven.surefire.booter.ForkedBooter.main(ForkedBooter.java:495)
Caused by: java.lang.ExceptionInInitializerError
	at org.mockito.cglib.core.KeyFactory$Generator.generateClass(KeyFactory.java:167)
	at org.mockito.cglib.core.DefaultGeneratorStrategy.generate(DefaultGeneratorStrategy.java:25)
	at org.mockito.cglib.core.AbstractClassGenerator.create(AbstractClassGenerator.java:217)
	at org.mockito.cglib.core.KeyFactory$Generator.create(KeyFactory.java:145)
	at org.mockito.cglib.core.KeyFactory.create(KeyFactory.java:117)
	at org.mockito.cglib.core.KeyFactory.create(KeyFactory.java:109)
	at org.mockito.cglib.core.KeyFactory.create(KeyFactory.java:105)
	at org.mockito.cglib.proxy.Enhancer.<clinit>(Enhancer.java:70)
	at org.mockito.internal.creation.jmock.ClassImposterizer.createProxyClass(ClassImposterizer.java:69)
	at org.mockito.internal.creation.jmock.ClassImposterizer.imposterise(ClassImposterizer.java:51)
	at org.mockito.internal.util.MockUtil.createMock(MockUtil.java:58)
	at org.mockito.internal.MockitoCore.mock(MockitoCore.java:42)
	at org.mockito.Mockito.mock(Mockito.java:1006)
	at org.mockito.Mockito.mock(Mockito.java:901)
	at eu.jpereira.trainings.designpatterns.structural.adapter.SimpleDoorControllerTest.createMockedDoor(SimpleDoorControllerTest.java:117)
	at eu.jpereira.trainings.designpatterns.structural.adapter.SimpleDoorControllerTest.testShouldThrowExceptionForInexistentDoor(SimpleDoorControllerTest.java:36)
	at java.base/jdk.internal.reflect.DirectMethodHandleAccessor.invoke(DirectMethodHandleAccessor.java:103)
	at java.base/java.lang.reflect.Method.invoke(Method.java:580)
	at org.junit.runners.model.FrameworkMethod$1.runReflectiveCall(FrameworkMethod.java:44)
	at org.junit.internal.runners.model.ReflectiveCallable.run(ReflectiveCallable.java:15)
	at org.junit.runners.model.FrameworkMethod.invokeExplosively(FrameworkMethod.java:41)
	at org.junit.internal.runners.statements.InvokeMethod.evaluate(InvokeMethod.java:20)
	at org.junit.internal.runners.statements.ExpectException.evaluate(ExpectException.java:22)
	... 17 more
Caused by: java.lang.reflect.InaccessibleObjectException: Unable to make protected final java.lang.Class java.lang.ClassLoader.defineClass(java.lang.String,byte[],int,int,java.security.ProtectionDomain) throws java.lang.ClassFormatError accessible: module java.base does not "opens java.lang" to unnamed module @67b64c45
	at java.base/java.lang.reflect.AccessibleObject.throwInaccessibleObjectException(AccessibleObject.java:388)
	at java.base/java.lang.reflect.AccessibleObject.checkCanSetAccessible(AccessibleObject.java:364)
	at java.base/java.lang.reflect.AccessibleObject.checkCanSetAccessible(AccessibleObject.java:312)
	at java.base/java.lang.reflect.Method.checkCanSetAccessible(Method.java:203)
	at java.base/java.lang.reflect.Method.setAccessible(Method.java:197)
	at org.mockito.cglib.core.ReflectUtils$2.run(ReflectUtils.java:57)
	at java.base/java.security.AccessController.doPrivileged(AccessController.java:319)
	at org.mockito.cglib.core.ReflectUtils.<clinit>(ReflectUtils.java:47)
	... 40 more
]]></error>
  </testcase>
  <testcase name="testShouldNotAddSameElement" classname="eu.jpereira.trainings.designpatterns.structural.adapter.SimpleDoorControllerTest" time="0.001">
    <error message="Could not initialize class org.mockito.internal.creation.jmock.ClassImposterizer$3" type="java.lang.NoClassDefFoundError"><![CDATA[java.lang.NoClassDefFoundError: Could not initialize class org.mockito.internal.creation.jmock.ClassImposterizer$3
	at org.mockito.internal.creation.jmock.ClassImposterizer.createProxyClass(ClassImposterizer.java:69)
	at org.mockito.internal.creation.jmock.ClassImposterizer.imposterise(ClassImposterizer.java:51)
	at org.mockito.internal.util.MockUtil.createMock(MockUtil.java:58)
	at org.mockito.internal.MockitoCore.mock(MockitoCore.java:42)
	at org.mockito.Mockito.mock(Mockito.java:1006)
	at org.mockito.Mockito.mock(Mockito.java:901)
	at eu.jpereira.trainings.designpatterns.structural.adapter.SimpleDoorControllerTest.createMockedDoor(SimpleDoorControllerTest.java:117)
	at eu.jpereira.trainings.designpatterns.structural.adapter.SimpleDoorControllerTest.testShouldNotAddSameElement(SimpleDoorControllerTest.java:48)
	at java.base/jdk.internal.reflect.DirectMethodHandleAccessor.invoke(DirectMethodHandleAccessor.java:103)
	at java.base/java.lang.reflect.Method.invoke(Method.java:580)
	at org.junit.runners.model.FrameworkMethod$1.runReflectiveCall(FrameworkMethod.java:44)
	at org.junit.internal.runners.model.ReflectiveCallable.run(ReflectiveCallable.java:15)
	at org.junit.runners.model.FrameworkMethod.invokeExplosively(FrameworkMethod.java:41)
	at org.junit.internal.runners.statements.InvokeMethod.evaluate(InvokeMethod.java:20)
	at org.junit.runners.ParentRunner.runLeaf(ParentRunner.java:263)
	at org.junit.runners.BlockJUnit4ClassRunner.runChild(BlockJUnit4ClassRunner.java:69)
	at org.junit.runners.BlockJUnit4ClassRunner.runChild(BlockJUnit4ClassRunner.java:48)
	at org.junit.runners.ParentRunner$3.run(ParentRunner.java:231)
	at org.junit.runners.ParentRunner$1.schedule(ParentRunner.java:60)
	at org.junit.runners.ParentRunner.runChildren(ParentRunner.java:229)
	at org.junit.runners.ParentRunner.access$000(ParentRunner.java:50)
	at org.junit.runners.ParentRunner$2.evaluate(ParentRunner.java:222)
	at org.junit.runners.ParentRunner.run(ParentRunner.java:292)
	at org.apache.maven.surefire.junit4.JUnit4Provider.execute(JUnit4Provider.java:316)
	at org.apache.maven.surefire.junit4.JUnit4Provider.executeWithRerun(JUnit4Provider.java:240)
	at org.apache.maven.surefire.junit4.JUnit4Provider.executeTestSet(JUnit4Provider.java:214)
	at org.apache.maven.surefire.junit4.JUnit4Provider.invoke(JUnit4Provider.java:155)
	at org.apache.maven.surefire.booter.ForkedBooter.runSuitesInProcess(ForkedBooter.java:385)
	at org.apache.maven.surefire.booter.ForkedBooter.execute(ForkedBooter.java:162)
	at org.apache.maven.surefire.booter.ForkedBooter.run(ForkedBooter.java:507)
	at org.apache.maven.surefire.booter.ForkedBooter.main(ForkedBooter.java:495)
Caused by: java.lang.ExceptionInInitializerError: Exception java.lang.ExceptionInInitializerError [in thread "main"]
	at org.mockito.cglib.core.KeyFactory$Generator.generateClass(KeyFactory.java:167)
	at org.mockito.cglib.core.DefaultGeneratorStrategy.generate(DefaultGeneratorStrategy.java:25)
	at org.mockito.cglib.core.AbstractClassGenerator.create(AbstractClassGenerator.java:217)
	at org.mockito.cglib.core.KeyFactory$Generator.create(KeyFactory.java:145)
	at org.mockito.cglib.core.KeyFactory.create(KeyFactory.java:117)
	at org.mockito.cglib.core.KeyFactory.create(KeyFactory.java:109)
	at org.mockito.cglib.core.KeyFactory.create(KeyFactory.java:105)
	at org.mockito.cglib.proxy.Enhancer.<clinit>(Enhancer.java:70)
	at org.mockito.internal.creation.jmock.ClassImposterizer.createProxyClass(ClassImposterizer.java:69)
	at org.mockito.internal.creation.jmock.ClassImposterizer.imposterise(ClassImposterizer.java:51)
	at org.mockito.internal.util.MockUtil.createMock(MockUtil.java:58)
	at org.mockito.internal.MockitoCore.mock(MockitoCore.java:42)
	at org.mockito.Mockito.mock(Mockito.java:1006)
	at org.mockito.Mockito.mock(Mockito.java:901)
	at eu.jpereira.trainings.designpatterns.structural.adapter.SimpleDoorControllerTest.createMockedDoor(SimpleDoorControllerTest.java:117)
	at eu.jpereira.trainings.designpatterns.structural.adapter.SimpleDoorControllerTest.testShouldThrowExceptionForInexistentDoor(SimpleDoorControllerTest.java:36)
	at java.base/jdk.internal.reflect.DirectMethodHandleAccessor.invoke(DirectMethodHandleAccessor.java:103)
	at java.base/java.lang.reflect.Method.invoke(Method.java:580)
	at org.junit.runners.model.FrameworkMethod$1.runReflectiveCall(FrameworkMethod.java:44)
	at org.junit.internal.runners.model.ReflectiveCallable.run(ReflectiveCallable.java:15)
	at org.junit.runners.model.FrameworkMethod.invokeExplosively(FrameworkMethod.java:41)
	at org.junit.internal.runners.statements.InvokeMethod.evaluate(InvokeMethod.java:20)
	at org.junit.internal.runners.statements.ExpectException.evaluate(ExpectException.java:22)
	... 17 more
]]></error>
  </testcase>
  <testcase name="testShouldOpenDoor" classname="eu.jpereira.trainings.designpatterns.structural.adapter.SimpleDoorControllerTest" time="0.0">
    <error message="Could not initialize class org.mockito.internal.creation.jmock.ClassImposterizer$3" type="java.lang.NoClassDefFoundError"><![CDATA[java.lang.NoClassDefFoundError: Could not initialize class org.mockito.internal.creation.jmock.ClassImposterizer$3
	at org.mockito.internal.creation.jmock.ClassImposterizer.createProxyClass(ClassImposterizer.java:69)
	at org.mockito.internal.creation.jmock.ClassImposterizer.imposterise(ClassImposterizer.java:51)
	at org.mockito.internal.util.MockUtil.createMock(MockUtil.java:58)
	at org.mockito.internal.MockitoCore.mock(MockitoCore.java:42)
	at org.mockito.Mockito.mock(Mockito.java:1006)
	at org.mockito.Mockito.mock(Mockito.java:901)
	at eu.jpereira.trainings.designpatterns.structural.adapter.SimpleDoorControllerTest.createMockedDoor(SimpleDoorControllerTest.java:117)
	at eu.jpereira.trainings.designpatterns.structural.adapter.SimpleDoorControllerTest.testShouldOpenDoor(SimpleDoorControllerTest.java:60)
	at java.base/jdk.internal.reflect.DirectMethodHandleAccessor.invoke(DirectMethodHandleAccessor.java:103)
	at java.base/java.lang.reflect.Method.invoke(Method.java:580)
	at org.junit.runners.model.FrameworkMethod$1.runReflectiveCall(FrameworkMethod.java:44)
	at org.junit.internal.runners.model.ReflectiveCallable.run(ReflectiveCallable.java:15)
	at org.junit.runners.model.FrameworkMethod.invokeExplosively(FrameworkMethod.java:41)
	at org.junit.internal.runners.statements.InvokeMethod.evaluate(InvokeMethod.java:20)
	at org.junit.runners.ParentRunner.runLeaf(ParentRunner.java:263)
	at org.junit.runners.BlockJUnit4ClassRunner.runChild(BlockJUnit4ClassRunner.java:69)
	at org.junit.runners.BlockJUnit4ClassRunner.runChild(BlockJUnit4ClassRunner.java:48)
	at org.junit.runners.ParentRunner$3.run(ParentRunner.java:231)
	at org.junit.runners.ParentRunner$1.schedule(ParentRunner.java:60)
	at org.junit.runners.ParentRunner.runChildren(ParentRunner.java:229)
	at org.junit.runners.ParentRunner.access$000(ParentRunner.java:50)
	at org.junit.runners.ParentRunner$2.evaluate(ParentRunner.java:222)
	at org.junit.runners.ParentRunner.run(ParentRunner.java:292)
	at org.apache.maven.surefire.junit4.JUnit4Provider.execute(JUnit4Provider.java:316)
	at org.apache.maven.surefire.junit4.JUnit4Provider.executeWithRerun(JUnit4Provider.java:240)
	at org.apache.maven.surefire.junit4.JUnit4Provider.executeTestSet(JUnit4Provider.java:214)
	at org.apache.maven.surefire.junit4.JUnit4Provider.invoke(JUnit4Provider.java:155)
	at org.apache.maven.surefire.booter.ForkedBooter.runSuitesInProcess(ForkedBooter.java:385)
	at org.apache.maven.surefire.booter.ForkedBooter.execute(ForkedBooter.java:162)
	at org.apache.maven.surefire.booter.ForkedBooter.run(ForkedBooter.java:507)
	at org.apache.maven.surefire.booter.ForkedBooter.main(ForkedBooter.java:495)
Caused by: java.lang.ExceptionInInitializerError: Exception java.lang.ExceptionInInitializerError [in thread "main"]
	at org.mockito.cglib.core.KeyFactory$Generator.generateClass(KeyFactory.java:167)
	at org.mockito.cglib.core.DefaultGeneratorStrategy.generate(DefaultGeneratorStrategy.java:25)
	at org.mockito.cglib.core.AbstractClassGenerator.create(AbstractClassGenerator.java:217)
	at org.mockito.cglib.core.KeyFactory$Generator.create(KeyFactory.java:145)
	at org.mockito.cglib.core.KeyFactory.create(KeyFactory.java:117)
	at org.mockito.cglib.core.KeyFactory.create(KeyFactory.java:109)
	at org.mockito.cglib.core.KeyFactory.create(KeyFactory.java:105)
	at org.mockito.cglib.proxy.Enhancer.<clinit>(Enhancer.java:70)
	at org.mockito.internal.creation.jmock.ClassImposterizer.createProxyClass(ClassImposterizer.java:69)
	at org.mockito.internal.creation.jmock.ClassImposterizer.imposterise(ClassImposterizer.java:51)
	at org.mockito.internal.util.MockUtil.createMock(MockUtil.java:58)
	at org.mockito.internal.MockitoCore.mock(MockitoCore.java:42)
	at org.mockito.Mockito.mock(Mockito.java:1006)
	at org.mockito.Mockito.mock(Mockito.java:901)
	at eu.jpereira.trainings.designpatterns.structural.adapter.SimpleDoorControllerTest.createMockedDoor(SimpleDoorControllerTest.java:117)
	at eu.jpereira.trainings.designpatterns.structural.adapter.SimpleDoorControllerTest.testShouldThrowExceptionForInexistentDoor(SimpleDoorControllerTest.java:36)
	at java.base/jdk.internal.reflect.DirectMethodHandleAccessor.invoke(DirectMethodHandleAccessor.java:103)
	at java.base/java.lang.reflect.Method.invoke(Method.java:580)
	at org.junit.runners.model.FrameworkMethod$1.runReflectiveCall(FrameworkMethod.java:44)
	at org.junit.internal.runners.model.ReflectiveCallable.run(ReflectiveCallable.java:15)
	at org.junit.runners.model.FrameworkMethod.invokeExplosively(FrameworkMethod.java:41)
	at org.junit.internal.runners.statements.InvokeMethod.evaluate(InvokeMethod.java:20)
	at org.junit.internal.runners.statements.ExpectException.evaluate(ExpectException.java:22)
	... 17 more
]]></error>
  </testcase>
  <testcase name="testShouldCloseDoor" classname="eu.jpereira.trainings.designpatterns.structural.adapter.SimpleDoorControllerTest" time="0.0">
    <error message="Could not initialize class org.mockito.internal.creation.jmock.ClassImposterizer$3" type="java.lang.NoClassDefFoundError"><![CDATA[java.lang.NoClassDefFoundError: Could not initialize class org.mockito.internal.creation.jmock.ClassImposterizer$3
	at org.mockito.internal.creation.jmock.ClassImposterizer.createProxyClass(ClassImposterizer.java:69)
	at org.mockito.internal.creation.jmock.ClassImposterizer.imposterise(ClassImposterizer.java:51)
	at org.mockito.internal.util.MockUtil.createMock(MockUtil.java:58)
	at org.mockito.internal.MockitoCore.mock(MockitoCore.java:42)
	at org.mockito.Mockito.mock(Mockito.java:1006)
	at org.mockito.Mockito.mock(Mockito.java:901)
	at eu.jpereira.trainings.designpatterns.structural.adapter.SimpleDoorControllerTest.createMockedDoor(SimpleDoorControllerTest.java:117)
	at eu.jpereira.trainings.designpatterns.structural.adapter.SimpleDoorControllerTest.testShouldCloseDoor(SimpleDoorControllerTest.java:73)
	at java.base/jdk.internal.reflect.DirectMethodHandleAccessor.invoke(DirectMethodHandleAccessor.java:103)
	at java.base/java.lang.reflect.Method.invoke(Method.java:580)
	at org.junit.runners.model.FrameworkMethod$1.runReflectiveCall(FrameworkMethod.java:44)
	at org.junit.internal.runners.model.ReflectiveCallable.run(ReflectiveCallable.java:15)
	at org.junit.runners.model.FrameworkMethod.invokeExplosively(FrameworkMethod.java:41)
	at org.junit.internal.runners.statements.InvokeMethod.evaluate(InvokeMethod.java:20)
	at org.junit.runners.ParentRunner.runLeaf(ParentRunner.java:263)
	at org.junit.runners.BlockJUnit4ClassRunner.runChild(BlockJUnit4ClassRunner.java:69)
	at org.junit.runners.BlockJUnit4ClassRunner.runChild(BlockJUnit4ClassRunner.java:48)
	at org.junit.runners.ParentRunner$3.run(ParentRunner.java:231)
	at org.junit.runners.ParentRunner$1.schedule(ParentRunner.java:60)
	at org.junit.runners.ParentRunner.runChildren(ParentRunner.java:229)
	at org.junit.runners.ParentRunner.access$000(ParentRunner.java:50)
	at org.junit.runners.ParentRunner$2.evaluate(ParentRunner.java:222)
	at org.junit.runners.ParentRunner.run(ParentRunner.java:292)
	at org.apache.maven.surefire.junit4.JUnit4Provider.execute(JUnit4Provider.java:316)
	at org.apache.maven.surefire.junit4.JUnit4Provider.executeWithRerun(JUnit4Provider.java:240)
	at org.apache.maven.surefire.junit4.JUnit4Provider.executeTestSet(JUnit4Provider.java:214)
	at org.apache.maven.surefire.junit4.JUnit4Provider.invoke(JUnit4Provider.java:155)
	at org.apache.maven.surefire.booter.ForkedBooter.runSuitesInProcess(ForkedBooter.java:385)
	at org.apache.maven.surefire.booter.ForkedBooter.execute(ForkedBooter.java:162)
	at org.apache.maven.surefire.booter.ForkedBooter.run(ForkedBooter.java:507)
	at org.apache.maven.surefire.booter.ForkedBooter.main(ForkedBooter.java:495)
Caused by: java.lang.ExceptionInInitializerError: Exception java.lang.ExceptionInInitializerError [in thread "main"]
	at org.mockito.cglib.core.KeyFactory$Generator.generateClass(KeyFactory.java:167)
	at org.mockito.cglib.core.DefaultGeneratorStrategy.generate(DefaultGeneratorStrategy.java:25)
	at org.mockito.cglib.core.AbstractClassGenerator.create(AbstractClassGenerator.java:217)
	at org.mockito.cglib.core.KeyFactory$Generator.create(KeyFactory.java:145)
	at org.mockito.cglib.core.KeyFactory.create(KeyFactory.java:117)
	at org.mockito.cglib.core.KeyFactory.create(KeyFactory.java:109)
	at org.mockito.cglib.core.KeyFactory.create(KeyFactory.java:105)
	at org.mockito.cglib.proxy.Enhancer.<clinit>(Enhancer.java:70)
	at org.mockito.internal.creation.jmock.ClassImposterizer.createProxyClass(ClassImposterizer.java:69)
	at org.mockito.internal.creation.jmock.ClassImposterizer.imposterise(ClassImposterizer.java:51)
	at org.mockito.internal.util.MockUtil.createMock(MockUtil.java:58)
	at org.mockito.internal.MockitoCore.mock(MockitoCore.java:42)
	at org.mockito.Mockito.mock(Mockito.java:1006)
	at org.mockito.Mockito.mock(Mockito.java:901)
	at eu.jpereira.trainings.designpatterns.structural.adapter.SimpleDoorControllerTest.createMockedDoor(SimpleDoorControllerTest.java:117)
	at eu.jpereira.trainings.designpatterns.structural.adapter.SimpleDoorControllerTest.testShouldThrowExceptionForInexistentDoor(SimpleDoorControllerTest.java:36)
	at java.base/jdk.internal.reflect.DirectMethodHandleAccessor.invoke(DirectMethodHandleAccessor.java:103)
	at java.base/java.lang.reflect.Method.invoke(Method.java:580)
	at org.junit.runners.model.FrameworkMethod$1.runReflectiveCall(FrameworkMethod.java:44)
	at org.junit.internal.runners.model.ReflectiveCallable.run(ReflectiveCallable.java:15)
	at org.junit.runners.model.FrameworkMethod.invokeExplosively(FrameworkMethod.java:41)
	at org.junit.internal.runners.statements.InvokeMethod.evaluate(InvokeMethod.java:20)
	at org.junit.internal.runners.statements.ExpectException.evaluate(ExpectException.java:22)
	... 17 more
]]></error>
  </testcase>
  <testcase name="testShouldThrowExceptionClosingNotManagedDoor" classname="eu.jpereira.trainings.designpatterns.structural.adapter.SimpleDoorControllerTest" time="0.0">
    <error message="Unexpected exception, expected&lt;eu.jpereira.trainings.designpatterns.structural.adapter.DoorNotManagedException&gt; but was&lt;java.lang.NoClassDefFoundError&gt;" type="java.lang.Exception"><![CDATA[java.lang.Exception: Unexpected exception, expected<eu.jpereira.trainings.designpatterns.structural.adapter.DoorNotManagedException> but was<java.lang.NoClassDefFoundError>
	at org.junit.internal.runners.statements.ExpectException.evaluate(ExpectException.java:31)
	at org.junit.runners.ParentRunner.runLeaf(ParentRunner.java:263)
	at org.junit.runners.BlockJUnit4ClassRunner.runChild(BlockJUnit4ClassRunner.java:69)
	at org.junit.runners.BlockJUnit4ClassRunner.runChild(BlockJUnit4ClassRunner.java:48)
	at org.junit.runners.ParentRunner$3.run(ParentRunner.java:231)
	at org.junit.runners.ParentRunner$1.schedule(ParentRunner.java:60)
	at org.junit.runners.ParentRunner.runChildren(ParentRunner.java:229)
	at org.junit.runners.ParentRunner.access$000(ParentRunner.java:50)
	at org.junit.runners.ParentRunner$2.evaluate(ParentRunner.java:222)
	at org.junit.runners.ParentRunner.run(ParentRunner.java:292)
	at org.apache.maven.surefire.junit4.JUnit4Provider.execute(JUnit4Provider.java:316)
	at org.apache.maven.surefire.junit4.JUnit4Provider.executeWithRerun(JUnit4Provider.java:240)
	at org.apache.maven.surefire.junit4.JUnit4Provider.executeTestSet(JUnit4Provider.java:214)
	at org.apache.maven.surefire.junit4.JUnit4Provider.invoke(JUnit4Provider.java:155)
	at org.apache.maven.surefire.booter.ForkedBooter.runSuitesInProcess(ForkedBooter.java:385)
	at org.apache.maven.surefire.booter.ForkedBooter.execute(ForkedBooter.java:162)
	at org.apache.maven.surefire.booter.ForkedBooter.run(ForkedBooter.java:507)
	at org.apache.maven.surefire.booter.ForkedBooter.main(ForkedBooter.java:495)
Caused by: java.lang.NoClassDefFoundError: Could not initialize class org.mockito.internal.creation.jmock.ClassImposterizer$3
	at org.mockito.internal.creation.jmock.ClassImposterizer.createProxyClass(ClassImposterizer.java:69)
	at org.mockito.internal.creation.jmock.ClassImposterizer.imposterise(ClassImposterizer.java:51)
	at org.mockito.internal.util.MockUtil.createMock(MockUtil.java:58)
	at org.mockito.internal.MockitoCore.mock(MockitoCore.java:42)
	at org.mockito.Mockito.mock(Mockito.java:1006)
	at org.mockito.Mockito.mock(Mockito.java:901)
	at eu.jpereira.trainings.designpatterns.structural.adapter.SimpleDoorControllerTest.createMockedDoor(SimpleDoorControllerTest.java:117)
	at eu.jpereira.trainings.designpatterns.structural.adapter.SimpleDoorControllerTest.testShouldThrowExceptionClosingNotManagedDoor(SimpleDoorControllerTest.java:87)
	at java.base/jdk.internal.reflect.DirectMethodHandleAccessor.invoke(DirectMethodHandleAccessor.java:103)
	at java.base/java.lang.reflect.Method.invoke(Method.java:580)
	at org.junit.runners.model.FrameworkMethod$1.runReflectiveCall(FrameworkMethod.java:44)
	at org.junit.internal.runners.model.ReflectiveCallable.run(ReflectiveCallable.java:15)
	at org.junit.runners.model.FrameworkMethod.invokeExplosively(FrameworkMethod.java:41)
	at org.junit.internal.runners.statements.InvokeMethod.evaluate(InvokeMethod.java:20)
	at org.junit.internal.runners.statements.ExpectException.evaluate(ExpectException.java:22)
	... 17 more
Caused by: java.lang.ExceptionInInitializerError: Exception java.lang.ExceptionInInitializerError [in thread "main"]
	at org.mockito.cglib.core.KeyFactory$Generator.generateClass(KeyFactory.java:167)
	at org.mockito.cglib.core.DefaultGeneratorStrategy.generate(DefaultGeneratorStrategy.java:25)
	at org.mockito.cglib.core.AbstractClassGenerator.create(AbstractClassGenerator.java:217)
	at org.mockito.cglib.core.KeyFactory$Generator.create(KeyFactory.java:145)
	at org.mockito.cglib.core.KeyFactory.create(KeyFactory.java:117)
	at org.mockito.cglib.core.KeyFactory.create(KeyFactory.java:109)
	at org.mockito.cglib.core.KeyFactory.create(KeyFactory.java:105)
	at org.mockito.cglib.proxy.Enhancer.<clinit>(Enhancer.java:70)
	at org.mockito.internal.creation.jmock.ClassImposterizer.createProxyClass(ClassImposterizer.java:69)
	at org.mockito.internal.creation.jmock.ClassImposterizer.imposterise(ClassImposterizer.java:51)
	at org.mockito.internal.util.MockUtil.createMock(MockUtil.java:58)
	at org.mockito.internal.MockitoCore.mock(MockitoCore.java:42)
	at org.mockito.Mockito.mock(Mockito.java:1006)
	at org.mockito.Mockito.mock(Mockito.java:901)
	at eu.jpereira.trainings.designpatterns.structural.adapter.SimpleDoorControllerTest.createMockedDoor(SimpleDoorControllerTest.java:117)
	at eu.jpereira.trainings.designpatterns.structural.adapter.SimpleDoorControllerTest.testShouldThrowExceptionForInexistentDoor(SimpleDoorControllerTest.java:36)
	... 24 more
]]></error>
  </testcase>
</testsuite>