<?xml version="1.0" encoding="UTF-8"?>
<testsuite xmlns:xsi="http://www.w3.org/2001/XMLSchema-instance" xsi:noNamespaceSchemaLocation="https://maven.apache.org/surefire/maven-surefire-plugin/xsd/surefire-test-report-3.0.xsd" version="3.0" name="eu.jpereira.trainings.designpatterns.structural.adapter.SimpleDoorControllerTest" time="0.502" tests="5" errors="0" skipped="0" failures="0">
  <properties>
    <property name="java.specification.version" value="23"/>
    <property name="sun.jnu.encoding" value="UTF-8"/>
    <property name="java.class.path" value="/home/kogut/uni2024Z/technologieProgramowania/mvnCwiczeniaLista3/javatrainings/designpatterns/trunk/adapter/target/test-classes:/home/kogut/uni2024Z/technologieProgramowania/mvnCwiczeniaLista3/javatrainings/designpatterns/trunk/adapter/target/classes:/home/kogut/.m2/repository/junit/junit/4.9/junit-4.9.jar:/home/kogut/.m2/repository/org/hamcrest/hamcrest-core/1.1/hamcrest-core-1.1.jar:/home/kogut/.m2/repository/org/mockito/mockito-core/3.2.4/mockito-core-3.2.4.jar:/home/kogut/.m2/repository/net/bytebuddy/byte-buddy/1.10.5/byte-buddy-1.10.5.jar:/home/kogut/.m2/repository/net/bytebuddy/byte-buddy-agent/1.10.5/byte-buddy-agent-1.10.5.jar:/home/kogut/.m2/repository/org/objenesis/objenesis/2.6/objenesis-2.6.jar:"/>
    <property name="java.vm.vendor" value="Arch Linux"/>
    <property name="sun.arch.data.model" value="64"/>
    <property name="java.vendor.url" value="https://openjdk.org/"/>
    <property name="os.name" value="Linux"/>
    <property name="java.vm.specification.version" value="23"/>
    <property name="sun.java.launcher" value="SUN_STANDARD"/>
    <property name="user.country" value="US"/>
    <property name="sun.boot.library.path" value="/usr/lib/jvm/java-23-openjdk/lib"/>
    <property name="sun.java.command" value="/home/kogut/uni2024Z/technologieProgramowania/mvnCwiczeniaLista3/javatrainings/designpatterns/trunk/adapter/target/surefire/surefirebooter-20241120141103525_3.jar /home/kogut/uni2024Z/technologieProgramowania/mvnCwiczeniaLista3/javatrainings/designpatterns/trunk/adapter/target/surefire 2024-11-20T14-11-03_416-jvmRun1 surefire-20241120141103525_1tmp surefire_0-20241120141103525_2tmp"/>
    <property name="jdk.debug" value="release"/>
    <property name="surefire.test.class.path" value="/home/kogut/uni2024Z/technologieProgramowania/mvnCwiczeniaLista3/javatrainings/designpatterns/trunk/adapter/target/test-classes:/home/kogut/uni2024Z/technologieProgramowania/mvnCwiczeniaLista3/javatrainings/designpatterns/trunk/adapter/target/classes:/home/kogut/.m2/repository/junit/junit/4.9/junit-4.9.jar:/home/kogut/.m2/repository/org/hamcrest/hamcrest-core/1.1/hamcrest-core-1.1.jar:/home/kogut/.m2/repository/org/mockito/mockito-core/3.2.4/mockito-core-3.2.4.jar:/home/kogut/.m2/repository/net/bytebuddy/byte-buddy/1.10.5/byte-buddy-1.10.5.jar:/home/kogut/.m2/repository/net/bytebuddy/byte-buddy-agent/1.10.5/byte-buddy-agent-1.10.5.jar:/home/kogut/.m2/repository/org/objenesis/objenesis/2.6/objenesis-2.6.jar:"/>
    <property name="sun.cpu.endian" value="little"/>
    <property name="user.home" value="/home/kogut"/>
    <property name="user.language" value="en"/>
    <property name="java.specification.vendor" value="Oracle Corporation"/>
    <property name="java.version.date" value="2024-09-17"/>
    <property name="java.home" value="/usr/lib/jvm/java-23-openjdk"/>
    <property name="file.separator" value="/"/>
    <property name="basedir" value="/home/kogut/uni2024Z/technologieProgramowania/mvnCwiczeniaLista3/javatrainings/designpatterns/trunk/adapter"/>
    <property name="java.vm.compressedOopsMode" value="32-bit"/>
    <property name="line.separator" value="&#10;"/>
    <property name="java.specification.name" value="Java Platform API Specification"/>
    <property name="java.vm.specification.vendor" value="Oracle Corporation"/>
    <property name="surefire.real.class.path" value="/home/kogut/uni2024Z/technologieProgramowania/mvnCwiczeniaLista3/javatrainings/designpatterns/trunk/adapter/target/surefire/surefirebooter-20241120141103525_3.jar"/>
    <property name="sun.management.compiler" value="HotSpot 64-Bit Tiered Compilers"/>
    <property name="java.runtime.version" value="23"/>
    <property name="user.name" value="kogut"/>
    <property name="stdout.encoding" value="UTF-8"/>
    <property name="path.separator" value=":"/>
    <property name="os.version" value="6.11.8-arch1-2"/>
    <property name="java.runtime.name" value="OpenJDK Runtime Environment"/>
    <property name="file.encoding" value="UTF-8"/>
    <property name="java.vm.name" value="OpenJDK 64-Bit Server VM"/>
    <property name="localRepository" value="/home/kogut/.m2/repository"/>
    <property name="java.vendor.url.bug" value="https://bugreport.java.com/bugreport/"/>
    <property name="java.io.tmpdir" value="/tmp"/>
    <property name="java.version" value="23"/>
    <property name="user.dir" value="/home/kogut/uni2024Z/technologieProgramowania/mvnCwiczeniaLista3/javatrainings/designpatterns/trunk/adapter"/>
    <property name="os.arch" value="amd64"/>
    <property name="java.vm.specification.name" value="Java Virtual Machine Specification"/>
    <property name="native.encoding" value="UTF-8"/>
    <property name="java.library.path" value="/usr/java/packages/lib:/usr/lib64:/lib64:/lib:/usr/lib"/>
    <property name="java.vm.info" value="mixed mode, sharing"/>
    <property name="stderr.encoding" value="UTF-8"/>
    <property name="java.vendor" value="Arch Linux"/>
    <property name="java.vm.version" value="23"/>
    <property name="sun.io.unicode.encoding" value="UnicodeLittle"/>
    <property name="java.class.version" value="67.0"/>
  </properties>
  <testcase name="testShouldThrowExceptionForInexistentDoor" classname="eu.jpereira.trainings.designpatterns.structural.adapter.SimpleDoorControllerTest" time="0.482"/>
  <testcase name="testShouldNotAddSameElement" classname="eu.jpereira.trainings.designpatterns.structural.adapter.SimpleDoorControllerTest" time="0.0"/>
  <testcase name="testShouldOpenDoor" classname="eu.jpereira.trainings.designpatterns.structural.adapter.SimpleDoorControllerTest" time="0.012"/>
  <testcase name="testShouldCloseDoor" classname="eu.jpereira.trainings.designpatterns.structural.adapter.SimpleDoorControllerTest" time="0.003"/>
  <testcase name="testShouldThrowExceptionClosingNotManagedDoor" classname="eu.jpereira.trainings.designpatterns.structural.adapter.SimpleDoorControllerTest" time="0.0"/>
</testsuite>