<?xml version="1.0" encoding="UTF-8"?>
<testsuite xmlns:xsi="http://www.w3.org/2001/XMLSchema-instance" xsi:noNamespaceSchemaLocation="https://maven.apache.org/surefire/maven-surefire-plugin/xsd/surefire-test-report-3.0.xsd" version="3.0" name="eu.jpereira.trainings.designpatterns.creational.singleton.ReportBuilderTest" time="0.869" tests="3" errors="0" skipped="0" failures="0">
  <properties>
    <property name="java.specification.version" value="23"/>
    <property name="sun.jnu.encoding" value="UTF-8"/>
    <property name="java.class.path" value="/home/kogut/uni24Zvostok/technologieProgramowania/lista3/javatrainings/designpatterns/trunk/singleton/target/test-classes:/home/kogut/uni24Zvostok/technologieProgramowania/lista3/javatrainings/designpatterns/trunk/singleton/target/classes:/home/kogut/.m2/repository/junit/junit/4.9/junit-4.9.jar:/home/kogut/.m2/repository/org/hamcrest/hamcrest-core/1.1/hamcrest-core-1.1.jar:"/>
    <property name="java.vm.vendor" value="Arch Linux"/>
    <property name="sun.arch.data.model" value="64"/>
    <property name="java.vendor.url" value="https://openjdk.org/"/>
    <property name="os.name" value="Linux"/>
    <property name="java.vm.specification.version" value="23"/>
    <property name="sun.java.launcher" value="SUN_STANDARD"/>
    <property name="user.country" value="US"/>
    <property name="sun.boot.library.path" value="/usr/lib/jvm/java-23-openjdk/lib"/>
    <property name="sun.java.command" value="/home/kogut/uni24Zvostok/technologieProgramowania/lista3/javatrainings/designpatterns/trunk/singleton/target/surefire/surefirebooter-20241119205422451_3.jar /home/kogut/uni24Zvostok/technologieProgramowania/lista3/javatrainings/designpatterns/trunk/singleton/target/surefire 2024-11-19T20-54-22_405-jvmRun1 surefire-20241119205422451_1tmp surefire_0-20241119205422451_2tmp"/>
    <property name="jdk.debug" value="release"/>
    <property name="surefire.test.class.path" value="/home/kogut/uni24Zvostok/technologieProgramowania/lista3/javatrainings/designpatterns/trunk/singleton/target/test-classes:/home/kogut/uni24Zvostok/technologieProgramowania/lista3/javatrainings/designpatterns/trunk/singleton/target/classes:/home/kogut/.m2/repository/junit/junit/4.9/junit-4.9.jar:/home/kogut/.m2/repository/org/hamcrest/hamcrest-core/1.1/hamcrest-core-1.1.jar:"/>
    <property name="sun.cpu.endian" value="little"/>
    <property name="user.home" value="/home/kogut"/>
    <property name="user.language" value="en"/>
    <property name="java.specification.vendor" value="Oracle Corporation"/>
    <property name="java.version.date" value="2024-09-17"/>
    <property name="java.home" value="/usr/lib/jvm/java-23-openjdk"/>
    <property name="file.separator" value="/"/>
    <property name="basedir" value="/home/kogut/uni24Zvostok/technologieProgramowania/lista3/javatrainings/designpatterns/trunk/singleton"/>
    <property name="java.vm.compressedOopsMode" value="Zero based"/>
    <property name="line.separator" value="&#10;"/>
    <property name="java.specification.name" value="Java Platform API Specification"/>
    <property name="java.vm.specification.vendor" value="Oracle Corporation"/>
    <property name="surefire.real.class.path" value="/home/kogut/uni24Zvostok/technologieProgramowania/lista3/javatrainings/designpatterns/trunk/singleton/target/surefire/surefirebooter-20241119205422451_3.jar"/>
    <property name="sun.management.compiler" value="HotSpot 64-Bit Tiered Compilers"/>
    <property name="java.runtime.version" value="23"/>
    <property name="user.name" value="kogut"/>
    <property name="stdout.encoding" value="UTF-8"/>
    <property name="path.separator" value=":"/>
    <property name="os.version" value="6.11.6-arch1-1"/>
    <property name="java.runtime.name" value="OpenJDK Runtime Environment"/>
    <property name="file.encoding" value="UTF-8"/>
    <property name="java.vm.name" value="OpenJDK 64-Bit Server VM"/>
    <property name="localRepository" value="/home/kogut/.m2/repository"/>
    <property name="java.vendor.url.bug" value="https://bugreport.java.com/bugreport/"/>
    <property name="java.io.tmpdir" value="/tmp"/>
    <property name="java.version" value="23"/>
    <property name="user.dir" value="/home/kogut/uni24Zvostok/technologieProgramowania/lista3/javatrainings/designpatterns/trunk/singleton"/>
    <property name="os.arch" value="amd64"/>
    <property name="java.vm.specification.name" value="Java Virtual Machine Specification"/>
    <property name="native.encoding" value="UTF-8"/>
    <property name="java.library.path" value="/usr/java/packages/lib:/usr/lib64:/lib64:/lib:/usr/lib"/>
    <property name="java.vm.info" value="mixed mode, sharing"/>
    <property name="stderr.encoding" value="UTF-8"/>
    <property name="java.vendor" value="Arch Linux"/>
    <property name="java.vm.version" value="23"/>
    <property name="sun.io.unicode.encoding" value="UnicodeLittle"/>
    <property name="java.class.version" value="67.0"/>
  </properties>
  <testcase name="testMultiThreading" classname="eu.jpereira.trainings.designpatterns.creational.singleton.ReportBuilderTest" time="0.61">
    <system-out><![CDATA[Getting instance for Thread 31
Instance is null for Thread 31
Returing 1154833924 instance to Thread 31
Getting instance for Thread 40
Thread 31 died!
Getting instance for Thread 39
Getting instance for Thread 38
Getting instance for Thread 37
Getting instance for Thread 36
Getting instance for Thread 35
Getting instance for Thread 34
Getting instance for Thread 33
Getting instance for Thread 32
Thread 32 died!
Thread 33 died!
Thread 34 died!
Thread 35 died!
Thread 36 died!
Thread 37 died!
Thread 38 died!
Thread 39 died!
Thread 40 died!
]]></system-out>
  </testcase>
  <testcase name="testGetSingleton" classname="eu.jpereira.trainings.designpatterns.creational.singleton.ReportBuilderTest" time="0.12">
    <system-out><![CDATA[Getting instance for Thread 1
Instance is null for Thread 1
Returing 258754732 instance to Thread 1
]]></system-out>
  </testcase>
  <testcase name="measureInitializeTime" classname="eu.jpereira.trainings.designpatterns.creational.singleton.ReportBuilderTest" time="0.118">
    <system-out><![CDATA[Getting instance for Thread 1
Instance is null for Thread 1
Returing 333362446 instance to Thread 1
First call took: 118 ms
Getting instance for Thread 1
Second call took: 0 ms
]]></system-out>
  </testcase>
</testsuite>